<?xml version="1.0" encoding="UTF-8"?>
<Site BuildName="Linux-g++"
	BuildStamp="20230724-1214-Experimental"
	Name="pawel-MS-7996"
	Generator="ctest-3.22.1"
	CompilerName="/usr/bin/g++"
	CompilerVersion="11.3.0"
	OSName="Linux"
	Hostname="pawel-MS-7996"
	OSRelease="5.19.0-46-generic"
	OSVersion="#47~22.04.1-Ubuntu SMP PREEMPT_DYNAMIC Wed Jun 21 15:35:31 UTC 2"
	OSPlatform="x86_64"
	Is64Bits="1"
	VendorString="GenuineIntel"
	VendorID="Intel Corporation"
	FamilyID="6"
	ModelID="158"
	ProcessorCacheSize="6144"
	NumberOfLogicalCPU="4"
	NumberOfPhysicalCPU="4"
	TotalVirtualMemory="2047"
	TotalPhysicalMemory="15951"
	LogicalProcessorsPerPhysical="1"
	ProcessorClockFrequency="3327.73"
	>
	<Testing>
		<StartDateTime>Jul 25 00:24 CEST</StartDateTime>
		<StartTestTime>1690237441</StartTestTime>
		<TestList/>
		<EndDateTime>Jul 25 00:24 CEST</EndDateTime>
		<EndTestTime>1690237441</EndTestTime>
		<ElapsedMinutes>0</ElapsedMinutes>
	</Testing>
</Site>
